Vivado Simulator 2018.3
Time resolution is 1 ps
Note: endfile
Time: 1043583 ps  Iteration: 0  Process: /ctpreadout_tb/p_file_read  File: D:/sphenix/MVTX_dec/MVTX_dec.srcs/sim_1/imports/new/mvtx_decoder_tb.vhd
Note: endfile
Time: 1047749 ps  Iteration: 0  Process: /ctpreadout_tb/p_file_read  File: D:/sphenix/MVTX_dec/MVTX_dec.srcs/sim_1/imports/new/mvtx_decoder_tb.vhd
Note: endfile
Time: 1051915 ps  Iteration: 0  Process: /ctpreadout_tb/p_file_read  File: D:/sphenix/MVTX_dec/MVTX_dec.srcs/sim_1/imports/new/mvtx_decoder_tb.vhd
Note: endfile
Time: 1056081 ps  Iteration: 0  Process: /ctpreadout_tb/p_file_read  File: D:/sphenix/MVTX_dec/MVTX_dec.srcs/sim_1/imports/new/mvtx_decoder_tb.vhd
Note: endfile
Time: 1060247 ps  Iteration: 0  Process: /ctpreadout_tb/p_file_read  File: D:/sphenix/MVTX_dec/MVTX_dec.srcs/sim_1/imports/new/mvtx_decoder_tb.vhd
Note: endfile
Time: 1064413 ps  Iteration: 0  Process: /ctpreadout_tb/p_file_read  File: D:/sphenix/MVTX_dec/MVTX_dec.srcs/sim_1/imports/new/mvtx_decoder_tb.vhd
Note: endfile
Time: 1068579 ps  Iteration: 0  Process: /ctpreadout_tb/p_file_read  File: D:/sphenix/MVTX_dec/MVTX_dec.srcs/sim_1/imports/new/mvtx_decoder_tb.vhd
Note: endfile
Time: 1072745 ps  Iteration: 0  Process: /ctpreadout_tb/p_file_read  File: D:/sphenix/MVTX_dec/MVTX_dec.srcs/sim_1/imports/new/mvtx_decoder_tb.vhd
Note: endfile
Time: 1076911 ps  Iteration: 0  Process: /ctpreadout_tb/p_file_read  File: D:/sphenix/MVTX_dec/MVTX_dec.srcs/sim_1/imports/new/mvtx_decoder_tb.vhd
Note: endfile
Time: 1081077 ps  Iteration: 0  Process: /ctpreadout_tb/p_file_read  File: D:/sphenix/MVTX_dec/MVTX_dec.srcs/sim_1/imports/new/mvtx_decoder_tb.vhd
Note: endfile
Time: 1085243 ps  Iteration: 0  Process: /ctpreadout_tb/p_file_read  File: D:/sphenix/MVTX_dec/MVTX_dec.srcs/sim_1/imports/new/mvtx_decoder_tb.vhd
Note: endfile
Time: 1089409 ps  Iteration: 0  Process: /ctpreadout_tb/p_file_read  File: D:/sphenix/MVTX_dec/MVTX_dec.srcs/sim_1/imports/new/mvtx_decoder_tb.vhd
Note: endfile
Time: 1093575 ps  Iteration: 0  Process: /ctpreadout_tb/p_file_read  File: D:/sphenix/MVTX_dec/MVTX_dec.srcs/sim_1/imports/new/mvtx_decoder_tb.vhd
Note: endfile
Time: 1097741 ps  Iteration: 0  Process: /ctpreadout_tb/p_file_read  File: D:/sphenix/MVTX_dec/MVTX_dec.srcs/sim_1/imports/new/mvtx_decoder_tb.vhd
Note: endfile
Time: 1101907 ps  Iteration: 0  Process: /ctpreadout_tb/p_file_read  File: D:/sphenix/MVTX_dec/MVTX_dec.srcs/sim_1/imports/new/mvtx_decoder_tb.vhd
Note: endfile
Time: 1106073 ps  Iteration: 0  Process: /ctpreadout_tb/p_file_read  File: D:/sphenix/MVTX_dec/MVTX_dec.srcs/sim_1/imports/new/mvtx_decoder_tb.vhd
Note: endfile
Time: 1110239 ps  Iteration: 0  Process: /ctpreadout_tb/p_file_read  File: D:/sphenix/MVTX_dec/MVTX_dec.srcs/sim_1/imports/new/mvtx_decoder_tb.vhd
Note: endfile
Time: 1114405 ps  Iteration: 0  Process: /ctpreadout_tb/p_file_read  File: D:/sphenix/MVTX_dec/MVTX_dec.srcs/sim_1/imports/new/mvtx_decoder_tb.vhd
Note: endfile
Time: 1118571 ps  Iteration: 0  Process: /ctpreadout_tb/p_file_read  File: D:/sphenix/MVTX_dec/MVTX_dec.srcs/sim_1/imports/new/mvtx_decoder_tb.vhd
Note: endfile
Time: 1122737 ps  Iteration: 0  Process: /ctpreadout_tb/p_file_read  File: D:/sphenix/MVTX_dec/MVTX_dec.srcs/sim_1/imports/new/mvtx_decoder_tb.vhd
Note: endfile
Time: 1126903 ps  Iteration: 0  Process: /ctpreadout_tb/p_file_read  File: D:/sphenix/MVTX_dec/MVTX_dec.srcs/sim_1/imports/new/mvtx_decoder_tb.vhd
Note: endfile
Time: 1131069 ps  Iteration: 0  Process: /ctpreadout_tb/p_file_read  File: D:/sphenix/MVTX_dec/MVTX_dec.srcs/sim_1/imports/new/mvtx_decoder_tb.vhd
Note: endfile
Time: 1135235 ps  Iteration: 0  Process: /ctpreadout_tb/p_file_read  File: D:/sphenix/MVTX_dec/MVTX_dec.srcs/sim_1/imports/new/mvtx_decoder_tb.vhd
Note: endfile
Time: 1139401 ps  Iteration: 0  Process: /ctpreadout_tb/p_file_read  File: D:/sphenix/MVTX_dec/MVTX_dec.srcs/sim_1/imports/new/mvtx_decoder_tb.vhd
Note: endfile
Time: 1143567 ps  Iteration: 0  Process: /ctpreadout_tb/p_file_read  File: D:/sphenix/MVTX_dec/MVTX_dec.srcs/sim_1/imports/new/mvtx_decoder_tb.vhd
Note: endfile
Time: 1147733 ps  Iteration: 0  Process: /ctpreadout_tb/p_file_read  File: D:/sphenix/MVTX_dec/MVTX_dec.srcs/sim_1/imports/new/mvtx_decoder_tb.vhd
Note: endfile
Time: 1151899 ps  Iteration: 0  Process: /ctpreadout_tb/p_file_read  File: D:/sphenix/MVTX_dec/MVTX_dec.srcs/sim_1/imports/new/mvtx_decoder_tb.vhd
Note: endfile
Time: 1156065 ps  Iteration: 0  Process: /ctpreadout_tb/p_file_read  File: D:/sphenix/MVTX_dec/MVTX_dec.srcs/sim_1/imports/new/mvtx_decoder_tb.vhd
Note: endfile
Time: 1160231 ps  Iteration: 0  Process: /ctpreadout_tb/p_file_read  File: D:/sphenix/MVTX_dec/MVTX_dec.srcs/sim_1/imports/new/mvtx_decoder_tb.vhd
Note: endfile
Time: 1164397 ps  Iteration: 0  Process: /ctpreadout_tb/p_file_read  File: D:/sphenix/MVTX_dec/MVTX_dec.srcs/sim_1/imports/new/mvtx_decoder_tb.vhd
Note: endfile
Time: 1168563 ps  Iteration: 0  Process: /ctpreadout_tb/p_file_read  File: D:/sphenix/MVTX_dec/MVTX_dec.srcs/sim_1/imports/new/mvtx_decoder_tb.vhd
Note: endfile
Time: 1172729 ps  Iteration: 0  Process: /ctpreadout_tb/p_file_read  File: D:/sphenix/MVTX_dec/MVTX_dec.srcs/sim_1/imports/new/mvtx_decoder_tb.vhd
Note: endfile
Time: 1176895 ps  Iteration: 0  Process: /ctpreadout_tb/p_file_read  File: D:/sphenix/MVTX_dec/MVTX_dec.srcs/sim_1/imports/new/mvtx_decoder_tb.vhd
Note: endfile
Time: 1181061 ps  Iteration: 0  Process: /ctpreadout_tb/p_file_read  File: D:/sphenix/MVTX_dec/MVTX_dec.srcs/sim_1/imports/new/mvtx_decoder_tb.vhd
Note: endfile
Time: 1185227 ps  Iteration: 0  Process: /ctpreadout_tb/p_file_read  File: D:/sphenix/MVTX_dec/MVTX_dec.srcs/sim_1/imports/new/mvtx_decoder_tb.vhd
Note: endfile
Time: 1189393 ps  Iteration: 0  Process: /ctpreadout_tb/p_file_read  File: D:/sphenix/MVTX_dec/MVTX_dec.srcs/sim_1/imports/new/mvtx_decoder_tb.vhd
Note: endfile
Time: 1193559 ps  Iteration: 0  Process: /ctpreadout_tb/p_file_read  File: D:/sphenix/MVTX_dec/MVTX_dec.srcs/sim_1/imports/new/mvtx_decoder_tb.vhd
Note: endfile
Time: 1197725 ps  Iteration: 0  Process: /ctpreadout_tb/p_file_read  File: D:/sphenix/MVTX_dec/MVTX_dec.srcs/sim_1/imports/new/mvtx_decoder_tb.vhd
Note: endfile
Time: 1201891 ps  Iteration: 0  Process: /ctpreadout_tb/p_file_read  File: D:/sphenix/MVTX_dec/MVTX_dec.srcs/sim_1/imports/new/mvtx_decoder_tb.vhd
Note: endfile
Time: 1206057 ps  Iteration: 0  Process: /ctpreadout_tb/p_file_read  File: D:/sphenix/MVTX_dec/MVTX_dec.srcs/sim_1/imports/new/mvtx_decoder_tb.vhd
Note: endfile
Time: 1210223 ps  Iteration: 0  Process: /ctpreadout_tb/p_file_read  File: D:/sphenix/MVTX_dec/MVTX_dec.srcs/sim_1/imports/new/mvtx_decoder_tb.vhd
Note: endfile
Time: 1214389 ps  Iteration: 0  Process: /ctpreadout_tb/p_file_read  File: D:/sphenix/MVTX_dec/MVTX_dec.srcs/sim_1/imports/new/mvtx_decoder_tb.vhd
Note: endfile
Time: 1218555 ps  Iteration: 0  Process: /ctpreadout_tb/p_file_read  File: D:/sphenix/MVTX_dec/MVTX_dec.srcs/sim_1/imports/new/mvtx_decoder_tb.vhd
Note: endfile
Time: 1222721 ps  Iteration: 0  Process: /ctpreadout_tb/p_file_read  File: D:/sphenix/MVTX_dec/MVTX_dec.srcs/sim_1/imports/new/mvtx_decoder_tb.vhd
Note: endfile
Time: 1226887 ps  Iteration: 0  Process: /ctpreadout_tb/p_file_read  File: D:/sphenix/MVTX_dec/MVTX_dec.srcs/sim_1/imports/new/mvtx_decoder_tb.vhd
Note: endfile
Time: 1231053 ps  Iteration: 0  Process: /ctpreadout_tb/p_file_read  File: D:/sphenix/MVTX_dec/MVTX_dec.srcs/sim_1/imports/new/mvtx_decoder_tb.vhd
Note: endfile
Time: 1235219 ps  Iteration: 0  Process: /ctpreadout_tb/p_file_read  File: D:/sphenix/MVTX_dec/MVTX_dec.srcs/sim_1/imports/new/mvtx_decoder_tb.vhd
Note: endfile
Time: 1239385 ps  Iteration: 0  Process: /ctpreadout_tb/p_file_read  File: D:/sphenix/MVTX_dec/MVTX_dec.srcs/sim_1/imports/new/mvtx_decoder_tb.vhd
Note: endfile
Time: 1243551 ps  Iteration: 0  Process: /ctpreadout_tb/p_file_read  File: D:/sphenix/MVTX_dec/MVTX_dec.srcs/sim_1/imports/new/mvtx_decoder_tb.vhd
Note: endfile
Time: 1247717 ps  Iteration: 0  Process: /ctpreadout_tb/p_file_read  File: D:/sphenix/MVTX_dec/MVTX_dec.srcs/sim_1/imports/new/mvtx_decoder_tb.vhd
Note: endfile
Time: 1251883 ps  Iteration: 0  Process: /ctpreadout_tb/p_file_read  File: D:/sphenix/MVTX_dec/MVTX_dec.srcs/sim_1/imports/new/mvtx_decoder_tb.vhd
Note: endfile
Time: 1256049 ps  Iteration: 0  Process: /ctpreadout_tb/p_file_read  File: D:/sphenix/MVTX_dec/MVTX_dec.srcs/sim_1/imports/new/mvtx_decoder_tb.vhd
Note: endfile
Time: 1260215 ps  Iteration: 0  Process: /ctpreadout_tb/p_file_read  File: D:/sphenix/MVTX_dec/MVTX_dec.srcs/sim_1/imports/new/mvtx_decoder_tb.vhd
Note: endfile
Time: 1264381 ps  Iteration: 0  Process: /ctpreadout_tb/p_file_read  File: D:/sphenix/MVTX_dec/MVTX_dec.srcs/sim_1/imports/new/mvtx_decoder_tb.vhd
Note: endfile
Time: 1268547 ps  Iteration: 0  Process: /ctpreadout_tb/p_file_read  File: D:/sphenix/MVTX_dec/MVTX_dec.srcs/sim_1/imports/new/mvtx_decoder_tb.vhd
Note: endfile
Time: 1272713 ps  Iteration: 0  Process: /ctpreadout_tb/p_file_read  File: D:/sphenix/MVTX_dec/MVTX_dec.srcs/sim_1/imports/new/mvtx_decoder_tb.vhd
Note: endfile
Time: 1276879 ps  Iteration: 0  Process: /ctpreadout_tb/p_file_read  File: D:/sphenix/MVTX_dec/MVTX_dec.srcs/sim_1/imports/new/mvtx_decoder_tb.vhd
Note: endfile
Time: 1281045 ps  Iteration: 0  Process: /ctpreadout_tb/p_file_read  File: D:/sphenix/MVTX_dec/MVTX_dec.srcs/sim_1/imports/new/mvtx_decoder_tb.vhd
Note: endfile
Time: 1285211 ps  Iteration: 0  Process: /ctpreadout_tb/p_file_read  File: D:/sphenix/MVTX_dec/MVTX_dec.srcs/sim_1/imports/new/mvtx_decoder_tb.vhd
Note: endfile
Time: 1289377 ps  Iteration: 0  Process: /ctpreadout_tb/p_file_read  File: D:/sphenix/MVTX_dec/MVTX_dec.srcs/sim_1/imports/new/mvtx_decoder_tb.vhd
Note: endfile
Time: 1293543 ps  Iteration: 0  Process: /ctpreadout_tb/p_file_read  File: D:/sphenix/MVTX_dec/MVTX_dec.srcs/sim_1/imports/new/mvtx_decoder_tb.vhd
Note: endfile
Time: 1297709 ps  Iteration: 0  Process: /ctpreadout_tb/p_file_read  File: D:/sphenix/MVTX_dec/MVTX_dec.srcs/sim_1/imports/new/mvtx_decoder_tb.vhd
Note: endfile
Time: 1301875 ps  Iteration: 0  Process: /ctpreadout_tb/p_file_read  File: D:/sphenix/MVTX_dec/MVTX_dec.srcs/sim_1/imports/new/mvtx_decoder_tb.vhd
Note: endfile
Time: 1306041 ps  Iteration: 0  Process: /ctpreadout_tb/p_file_read  File: D:/sphenix/MVTX_dec/MVTX_dec.srcs/sim_1/imports/new/mvtx_decoder_tb.vhd
Note: endfile
Time: 1310207 ps  Iteration: 0  Process: /ctpreadout_tb/p_file_read  File: D:/sphenix/MVTX_dec/MVTX_dec.srcs/sim_1/imports/new/mvtx_decoder_tb.vhd
Note: endfile
Time: 1314373 ps  Iteration: 0  Process: /ctpreadout_tb/p_file_read  File: D:/sphenix/MVTX_dec/MVTX_dec.srcs/sim_1/imports/new/mvtx_decoder_tb.vhd
Note: endfile
Time: 1318539 ps  Iteration: 0  Process: /ctpreadout_tb/p_file_read  File: D:/sphenix/MVTX_dec/MVTX_dec.srcs/sim_1/imports/new/mvtx_decoder_tb.vhd
Note: endfile
Time: 1322705 ps  Iteration: 0  Process: /ctpreadout_tb/p_file_read  File: D:/sphenix/MVTX_dec/MVTX_dec.srcs/sim_1/imports/new/mvtx_decoder_tb.vhd
Note: endfile
Time: 1326871 ps  Iteration: 0  Process: /ctpreadout_tb/p_file_read  File: D:/sphenix/MVTX_dec/MVTX_dec.srcs/sim_1/imports/new/mvtx_decoder_tb.vhd
Note: endfile
Time: 1331037 ps  Iteration: 0  Process: /ctpreadout_tb/p_file_read  File: D:/sphenix/MVTX_dec/MVTX_dec.srcs/sim_1/imports/new/mvtx_decoder_tb.vhd
Note: endfile
Time: 1335203 ps  Iteration: 0  Process: /ctpreadout_tb/p_file_read  File: D:/sphenix/MVTX_dec/MVTX_dec.srcs/sim_1/imports/new/mvtx_decoder_tb.vhd
Note: endfile
Time: 1339369 ps  Iteration: 0  Process: /ctpreadout_tb/p_file_read  File: D:/sphenix/MVTX_dec/MVTX_dec.srcs/sim_1/imports/new/mvtx_decoder_tb.vhd
Note: endfile
Time: 1343535 ps  Iteration: 0  Process: /ctpreadout_tb/p_file_read  File: D:/sphenix/MVTX_dec/MVTX_dec.srcs/sim_1/imports/new/mvtx_decoder_tb.vhd
Note: endfile
Time: 1347701 ps  Iteration: 0  Process: /ctpreadout_tb/p_file_read  File: D:/sphenix/MVTX_dec/MVTX_dec.srcs/sim_1/imports/new/mvtx_decoder_tb.vhd
Note: endfile
Time: 1351867 ps  Iteration: 0  Process: /ctpreadout_tb/p_file_read  File: D:/sphenix/MVTX_dec/MVTX_dec.srcs/sim_1/imports/new/mvtx_decoder_tb.vhd
Note: endfile
Time: 1356033 ps  Iteration: 0  Process: /ctpreadout_tb/p_file_read  File: D:/sphenix/MVTX_dec/MVTX_dec.srcs/sim_1/imports/new/mvtx_decoder_tb.vhd
Note: endfile
Time: 1360199 ps  Iteration: 0  Process: /ctpreadout_tb/p_file_read  File: D:/sphenix/MVTX_dec/MVTX_dec.srcs/sim_1/imports/new/mvtx_decoder_tb.vhd
Note: endfile
Time: 1364365 ps  Iteration: 0  Process: /ctpreadout_tb/p_file_read  File: D:/sphenix/MVTX_dec/MVTX_dec.srcs/sim_1/imports/new/mvtx_decoder_tb.vhd
Note: endfile
Time: 1368531 ps  Iteration: 0  Process: /ctpreadout_tb/p_file_read  File: D:/sphenix/MVTX_dec/MVTX_dec.srcs/sim_1/imports/new/mvtx_decoder_tb.vhd
Note: endfile
Time: 1372697 ps  Iteration: 0  Process: /ctpreadout_tb/p_file_read  File: D:/sphenix/MVTX_dec/MVTX_dec.srcs/sim_1/imports/new/mvtx_decoder_tb.vhd
Note: endfile
Time: 1376863 ps  Iteration: 0  Process: /ctpreadout_tb/p_file_read  File: D:/sphenix/MVTX_dec/MVTX_dec.srcs/sim_1/imports/new/mvtx_decoder_tb.vhd
Note: endfile
Time: 1381029 ps  Iteration: 0  Process: /ctpreadout_tb/p_file_read  File: D:/sphenix/MVTX_dec/MVTX_dec.srcs/sim_1/imports/new/mvtx_decoder_tb.vhd
Note: endfile
Time: 1385195 ps  Iteration: 0  Process: /ctpreadout_tb/p_file_read  File: D:/sphenix/MVTX_dec/MVTX_dec.srcs/sim_1/imports/new/mvtx_decoder_tb.vhd
Note: endfile
Time: 1389361 ps  Iteration: 0  Process: /ctpreadout_tb/p_file_read  File: D:/sphenix/MVTX_dec/MVTX_dec.srcs/sim_1/imports/new/mvtx_decoder_tb.vhd
Note: endfile
Time: 1393527 ps  Iteration: 0  Process: /ctpreadout_tb/p_file_read  File: D:/sphenix/MVTX_dec/MVTX_dec.srcs/sim_1/imports/new/mvtx_decoder_tb.vhd
Note: endfile
Time: 1397693 ps  Iteration: 0  Process: /ctpreadout_tb/p_file_read  File: D:/sphenix/MVTX_dec/MVTX_dec.srcs/sim_1/imports/new/mvtx_decoder_tb.vhd
Note: endfile
Time: 1401859 ps  Iteration: 0  Process: /ctpreadout_tb/p_file_read  File: D:/sphenix/MVTX_dec/MVTX_dec.srcs/sim_1/imports/new/mvtx_decoder_tb.vhd
Note: endfile
Time: 1406025 ps  Iteration: 0  Process: /ctpreadout_tb/p_file_read  File: D:/sphenix/MVTX_dec/MVTX_dec.srcs/sim_1/imports/new/mvtx_decoder_tb.vhd
Note: endfile
Time: 1410191 ps  Iteration: 0  Process: /ctpreadout_tb/p_file_read  File: D:/sphenix/MVTX_dec/MVTX_dec.srcs/sim_1/imports/new/mvtx_decoder_tb.vhd
Note: endfile
Time: 1414357 ps  Iteration: 0  Process: /ctpreadout_tb/p_file_read  File: D:/sphenix/MVTX_dec/MVTX_dec.srcs/sim_1/imports/new/mvtx_decoder_tb.vhd
Note: endfile
Time: 1418523 ps  Iteration: 0  Process: /ctpreadout_tb/p_file_read  File: D:/sphenix/MVTX_dec/MVTX_dec.srcs/sim_1/imports/new/mvtx_decoder_tb.vhd
Note: endfile
Time: 1422689 ps  Iteration: 0  Process: /ctpreadout_tb/p_file_read  File: D:/sphenix/MVTX_dec/MVTX_dec.srcs/sim_1/imports/new/mvtx_decoder_tb.vhd
Note: endfile
Time: 1426855 ps  Iteration: 0  Process: /ctpreadout_tb/p_file_read  File: D:/sphenix/MVTX_dec/MVTX_dec.srcs/sim_1/imports/new/mvtx_decoder_tb.vhd
Note: endfile
Time: 1431021 ps  Iteration: 0  Process: /ctpreadout_tb/p_file_read  File: D:/sphenix/MVTX_dec/MVTX_dec.srcs/sim_1/imports/new/mvtx_decoder_tb.vhd
Note: endfile
Time: 1435187 ps  Iteration: 0  Process: /ctpreadout_tb/p_file_read  File: D:/sphenix/MVTX_dec/MVTX_dec.srcs/sim_1/imports/new/mvtx_decoder_tb.vhd
Note: endfile
Time: 1439353 ps  Iteration: 0  Process: /ctpreadout_tb/p_file_read  File: D:/sphenix/MVTX_dec/MVTX_dec.srcs/sim_1/imports/new/mvtx_decoder_tb.vhd
Note: endfile
Time: 1443519 ps  Iteration: 0  Process: /ctpreadout_tb/p_file_read  File: D:/sphenix/MVTX_dec/MVTX_dec.srcs/sim_1/imports/new/mvtx_decoder_tb.vhd
Note: endfile
Time: 1447685 ps  Iteration: 0  Process: /ctpreadout_tb/p_file_read  File: D:/sphenix/MVTX_dec/MVTX_dec.srcs/sim_1/imports/new/mvtx_decoder_tb.vhd
Note: endfile
Time: 1451851 ps  Iteration: 0  Process: /ctpreadout_tb/p_file_read  File: D:/sphenix/MVTX_dec/MVTX_dec.srcs/sim_1/imports/new/mvtx_decoder_tb.vhd
Note: endfile
Time: 1456017 ps  Iteration: 0  Process: /ctpreadout_tb/p_file_read  File: D:/sphenix/MVTX_dec/MVTX_dec.srcs/sim_1/imports/new/mvtx_decoder_tb.vhd
Note: endfile
Time: 1460183 ps  Iteration: 0  Process: /ctpreadout_tb/p_file_read  File: D:/sphenix/MVTX_dec/MVTX_dec.srcs/sim_1/imports/new/mvtx_decoder_tb.vhd
Note: endfile
Time: 1464349 ps  Iteration: 0  Process: /ctpreadout_tb/p_file_read  File: D:/sphenix/MVTX_dec/MVTX_dec.srcs/sim_1/imports/new/mvtx_decoder_tb.vhd
Note: endfile
Time: 1468515 ps  Iteration: 0  Process: /ctpreadout_tb/p_file_read  File: D:/sphenix/MVTX_dec/MVTX_dec.srcs/sim_1/imports/new/mvtx_decoder_tb.vhd
Note: endfile
Time: 1472681 ps  Iteration: 0  Process: /ctpreadout_tb/p_file_read  File: D:/sphenix/MVTX_dec/MVTX_dec.srcs/sim_1/imports/new/mvtx_decoder_tb.vhd
Note: endfile
Time: 1476847 ps  Iteration: 0  Process: /ctpreadout_tb/p_file_read  File: D:/sphenix/MVTX_dec/MVTX_dec.srcs/sim_1/imports/new/mvtx_decoder_tb.vhd
Note: endfile
Time: 1481013 ps  Iteration: 0  Process: /ctpreadout_tb/p_file_read  File: D:/sphenix/MVTX_dec/MVTX_dec.srcs/sim_1/imports/new/mvtx_decoder_tb.vhd
Note: endfile
Time: 1485179 ps  Iteration: 0  Process: /ctpreadout_tb/p_file_read  File: D:/sphenix/MVTX_dec/MVTX_dec.srcs/sim_1/imports/new/mvtx_decoder_tb.vhd
Note: endfile
Time: 1489345 ps  Iteration: 0  Process: /ctpreadout_tb/p_file_read  File: D:/sphenix/MVTX_dec/MVTX_dec.srcs/sim_1/imports/new/mvtx_decoder_tb.vhd
Note: endfile
Time: 1493511 ps  Iteration: 0  Process: /ctpreadout_tb/p_file_read  File: D:/sphenix/MVTX_dec/MVTX_dec.srcs/sim_1/imports/new/mvtx_decoder_tb.vhd
Note: endfile
Time: 1497677 ps  Iteration: 0  Process: /ctpreadout_tb/p_file_read  File: D:/sphenix/MVTX_dec/MVTX_dec.srcs/sim_1/imports/new/mvtx_decoder_tb.vhd
Note: endfile
Time: 1501843 ps  Iteration: 0  Process: /ctpreadout_tb/p_file_read  File: D:/sphenix/MVTX_dec/MVTX_dec.srcs/sim_1/imports/new/mvtx_decoder_tb.vhd
Note: endfile
Time: 1506009 ps  Iteration: 0  Process: /ctpreadout_tb/p_file_read  File: D:/sphenix/MVTX_dec/MVTX_dec.srcs/sim_1/imports/new/mvtx_decoder_tb.vhd
Note: endfile
Time: 1510175 ps  Iteration: 0  Process: /ctpreadout_tb/p_file_read  File: D:/sphenix/MVTX_dec/MVTX_dec.srcs/sim_1/imports/new/mvtx_decoder_tb.vhd
Note: endfile
Time: 1514341 ps  Iteration: 0  Process: /ctpreadout_tb/p_file_read  File: D:/sphenix/MVTX_dec/MVTX_dec.srcs/sim_1/imports/new/mvtx_decoder_tb.vhd
Note: endfile
Time: 1518507 ps  Iteration: 0  Process: /ctpreadout_tb/p_file_read  File: D:/sphenix/MVTX_dec/MVTX_dec.srcs/sim_1/imports/new/mvtx_decoder_tb.vhd
Note: endfile
Time: 1522673 ps  Iteration: 0  Process: /ctpreadout_tb/p_file_read  File: D:/sphenix/MVTX_dec/MVTX_dec.srcs/sim_1/imports/new/mvtx_decoder_tb.vhd
Note: endfile
Time: 1526839 ps  Iteration: 0  Process: /ctpreadout_tb/p_file_read  File: D:/sphenix/MVTX_dec/MVTX_dec.srcs/sim_1/imports/new/mvtx_decoder_tb.vhd
Note: endfile
Time: 1531005 ps  Iteration: 0  Process: /ctpreadout_tb/p_file_read  File: D:/sphenix/MVTX_dec/MVTX_dec.srcs/sim_1/imports/new/mvtx_decoder_tb.vhd
Note: endfile
Time: 1535171 ps  Iteration: 0  Process: /ctpreadout_tb/p_file_read  File: D:/sphenix/MVTX_dec/MVTX_dec.srcs/sim_1/imports/new/mvtx_decoder_tb.vhd
Note: endfile
Time: 1539337 ps  Iteration: 0  Process: /ctpreadout_tb/p_file_read  File: D:/sphenix/MVTX_dec/MVTX_dec.srcs/sim_1/imports/new/mvtx_decoder_tb.vhd
Note: endfile
Time: 1543503 ps  Iteration: 0  Process: /ctpreadout_tb/p_file_read  File: D:/sphenix/MVTX_dec/MVTX_dec.srcs/sim_1/imports/new/mvtx_decoder_tb.vhd
Note: endfile
Time: 1547669 ps  Iteration: 0  Process: /ctpreadout_tb/p_file_read  File: D:/sphenix/MVTX_dec/MVTX_dec.srcs/sim_1/imports/new/mvtx_decoder_tb.vhd
Note: endfile
Time: 1551835 ps  Iteration: 0  Process: /ctpreadout_tb/p_file_read  File: D:/sphenix/MVTX_dec/MVTX_dec.srcs/sim_1/imports/new/mvtx_decoder_tb.vhd
Note: endfile
Time: 1556001 ps  Iteration: 0  Process: /ctpreadout_tb/p_file_read  File: D:/sphenix/MVTX_dec/MVTX_dec.srcs/sim_1/imports/new/mvtx_decoder_tb.vhd
Note: endfile
Time: 1560167 ps  Iteration: 0  Process: /ctpreadout_tb/p_file_read  File: D:/sphenix/MVTX_dec/MVTX_dec.srcs/sim_1/imports/new/mvtx_decoder_tb.vhd
Note: endfile
Time: 1564333 ps  Iteration: 0  Process: /ctpreadout_tb/p_file_read  File: D:/sphenix/MVTX_dec/MVTX_dec.srcs/sim_1/imports/new/mvtx_decoder_tb.vhd
Note: endfile
Time: 1568499 ps  Iteration: 0  Process: /ctpreadout_tb/p_file_read  File: D:/sphenix/MVTX_dec/MVTX_dec.srcs/sim_1/imports/new/mvtx_decoder_tb.vhd
Note: endfile
Time: 1572665 ps  Iteration: 0  Process: /ctpreadout_tb/p_file_read  File: D:/sphenix/MVTX_dec/MVTX_dec.srcs/sim_1/imports/new/mvtx_decoder_tb.vhd
Note: endfile
Time: 1576831 ps  Iteration: 0  Process: /ctpreadout_tb/p_file_read  File: D:/sphenix/MVTX_dec/MVTX_dec.srcs/sim_1/imports/new/mvtx_decoder_tb.vhd
Note: endfile
Time: 1580997 ps  Iteration: 0  Process: /ctpreadout_tb/p_file_read  File: D:/sphenix/MVTX_dec/MVTX_dec.srcs/sim_1/imports/new/mvtx_decoder_tb.vhd
Note: endfile
Time: 1585163 ps  Iteration: 0  Process: /ctpreadout_tb/p_file_read  File: D:/sphenix/MVTX_dec/MVTX_dec.srcs/sim_1/imports/new/mvtx_decoder_tb.vhd
Note: endfile
Time: 1589329 ps  Iteration: 0  Process: /ctpreadout_tb/p_file_read  File: D:/sphenix/MVTX_dec/MVTX_dec.srcs/sim_1/imports/new/mvtx_decoder_tb.vhd
Note: endfile
Time: 1593495 ps  Iteration: 0  Process: /ctpreadout_tb/p_file_read  File: D:/sphenix/MVTX_dec/MVTX_dec.srcs/sim_1/imports/new/mvtx_decoder_tb.vhd
Note: endfile
Time: 1597661 ps  Iteration: 0  Process: /ctpreadout_tb/p_file_read  File: D:/sphenix/MVTX_dec/MVTX_dec.srcs/sim_1/imports/new/mvtx_decoder_tb.vhd
Note: endfile
Time: 1601827 ps  Iteration: 0  Process: /ctpreadout_tb/p_file_read  File: D:/sphenix/MVTX_dec/MVTX_dec.srcs/sim_1/imports/new/mvtx_decoder_tb.vhd
Note: endfile
Time: 1605993 ps  Iteration: 0  Process: /ctpreadout_tb/p_file_read  File: D:/sphenix/MVTX_dec/MVTX_dec.srcs/sim_1/imports/new/mvtx_decoder_tb.vhd
Note: endfile
Time: 1610159 ps  Iteration: 0  Process: /ctpreadout_tb/p_file_read  File: D:/sphenix/MVTX_dec/MVTX_dec.srcs/sim_1/imports/new/mvtx_decoder_tb.vhd
Note: endfile
Time: 1614325 ps  Iteration: 0  Process: /ctpreadout_tb/p_file_read  File: D:/sphenix/MVTX_dec/MVTX_dec.srcs/sim_1/imports/new/mvtx_decoder_tb.vhd
Note: endfile
Time: 1618491 ps  Iteration: 0  Process: /ctpreadout_tb/p_file_read  File: D:/sphenix/MVTX_dec/MVTX_dec.srcs/sim_1/imports/new/mvtx_decoder_tb.vhd
Note: endfile
Time: 1622657 ps  Iteration: 0  Process: /ctpreadout_tb/p_file_read  File: D:/sphenix/MVTX_dec/MVTX_dec.srcs/sim_1/imports/new/mvtx_decoder_tb.vhd
Note: endfile
Time: 1626823 ps  Iteration: 0  Process: /ctpreadout_tb/p_file_read  File: D:/sphenix/MVTX_dec/MVTX_dec.srcs/sim_1/imports/new/mvtx_decoder_tb.vhd
Note: endfile
Time: 1630989 ps  Iteration: 0  Process: /ctpreadout_tb/p_file_read  File: D:/sphenix/MVTX_dec/MVTX_dec.srcs/sim_1/imports/new/mvtx_decoder_tb.vhd
Note: endfile
Time: 1635155 ps  Iteration: 0  Process: /ctpreadout_tb/p_file_read  File: D:/sphenix/MVTX_dec/MVTX_dec.srcs/sim_1/imports/new/mvtx_decoder_tb.vhd
Note: endfile
Time: 1639321 ps  Iteration: 0  Process: /ctpreadout_tb/p_file_read  File: D:/sphenix/MVTX_dec/MVTX_dec.srcs/sim_1/imports/new/mvtx_decoder_tb.vhd
Note: endfile
Time: 1643487 ps  Iteration: 0  Process: /ctpreadout_tb/p_file_read  File: D:/sphenix/MVTX_dec/MVTX_dec.srcs/sim_1/imports/new/mvtx_decoder_tb.vhd
Note: endfile
Time: 1647653 ps  Iteration: 0  Process: /ctpreadout_tb/p_file_read  File: D:/sphenix/MVTX_dec/MVTX_dec.srcs/sim_1/imports/new/mvtx_decoder_tb.vhd
Note: endfile
Time: 1651819 ps  Iteration: 0  Process: /ctpreadout_tb/p_file_read  File: D:/sphenix/MVTX_dec/MVTX_dec.srcs/sim_1/imports/new/mvtx_decoder_tb.vhd
Note: endfile
Time: 1655985 ps  Iteration: 0  Process: /ctpreadout_tb/p_file_read  File: D:/sphenix/MVTX_dec/MVTX_dec.srcs/sim_1/imports/new/mvtx_decoder_tb.vhd
Note: endfile
Time: 1660151 ps  Iteration: 0  Process: /ctpreadout_tb/p_file_read  File: D:/sphenix/MVTX_dec/MVTX_dec.srcs/sim_1/imports/new/mvtx_decoder_tb.vhd
Note: endfile
Time: 1664317 ps  Iteration: 0  Process: /ctpreadout_tb/p_file_read  File: D:/sphenix/MVTX_dec/MVTX_dec.srcs/sim_1/imports/new/mvtx_decoder_tb.vhd
Note: endfile
Time: 1668483 ps  Iteration: 0  Process: /ctpreadout_tb/p_file_read  File: D:/sphenix/MVTX_dec/MVTX_dec.srcs/sim_1/imports/new/mvtx_decoder_tb.vhd
Note: endfile
Time: 1672649 ps  Iteration: 0  Process: /ctpreadout_tb/p_file_read  File: D:/sphenix/MVTX_dec/MVTX_dec.srcs/sim_1/imports/new/mvtx_decoder_tb.vhd
Note: endfile
Time: 1676815 ps  Iteration: 0  Process: /ctpreadout_tb/p_file_read  File: D:/sphenix/MVTX_dec/MVTX_dec.srcs/sim_1/imports/new/mvtx_decoder_tb.vhd
Note: endfile
Time: 1680981 ps  Iteration: 0  Process: /ctpreadout_tb/p_file_read  File: D:/sphenix/MVTX_dec/MVTX_dec.srcs/sim_1/imports/new/mvtx_decoder_tb.vhd
Note: endfile
Time: 1685147 ps  Iteration: 0  Process: /ctpreadout_tb/p_file_read  File: D:/sphenix/MVTX_dec/MVTX_dec.srcs/sim_1/imports/new/mvtx_decoder_tb.vhd
Note: endfile
Time: 1689313 ps  Iteration: 0  Process: /ctpreadout_tb/p_file_read  File: D:/sphenix/MVTX_dec/MVTX_dec.srcs/sim_1/imports/new/mvtx_decoder_tb.vhd
Note: endfile
Time: 1693479 ps  Iteration: 0  Process: /ctpreadout_tb/p_file_read  File: D:/sphenix/MVTX_dec/MVTX_dec.srcs/sim_1/imports/new/mvtx_decoder_tb.vhd
Note: endfile
Time: 1697645 ps  Iteration: 0  Process: /ctpreadout_tb/p_file_read  File: D:/sphenix/MVTX_dec/MVTX_dec.srcs/sim_1/imports/new/mvtx_decoder_tb.vhd
Note: endfile
Time: 1701811 ps  Iteration: 0  Process: /ctpreadout_tb/p_file_read  File: D:/sphenix/MVTX_dec/MVTX_dec.srcs/sim_1/imports/new/mvtx_decoder_tb.vhd
Note: endfile
Time: 1705977 ps  Iteration: 0  Process: /ctpreadout_tb/p_file_read  File: D:/sphenix/MVTX_dec/MVTX_dec.srcs/sim_1/imports/new/mvtx_decoder_tb.vhd
Note: endfile
Time: 1710143 ps  Iteration: 0  Process: /ctpreadout_tb/p_file_read  File: D:/sphenix/MVTX_dec/MVTX_dec.srcs/sim_1/imports/new/mvtx_decoder_tb.vhd
Note: endfile
Time: 1714309 ps  Iteration: 0  Process: /ctpreadout_tb/p_file_read  File: D:/sphenix/MVTX_dec/MVTX_dec.srcs/sim_1/imports/new/mvtx_decoder_tb.vhd
Note: endfile
Time: 1718475 ps  Iteration: 0  Process: /ctpreadout_tb/p_file_read  File: D:/sphenix/MVTX_dec/MVTX_dec.srcs/sim_1/imports/new/mvtx_decoder_tb.vhd
Note: endfile
Time: 1722641 ps  Iteration: 0  Process: /ctpreadout_tb/p_file_read  File: D:/sphenix/MVTX_dec/MVTX_dec.srcs/sim_1/imports/new/mvtx_decoder_tb.vhd
Note: endfile
Time: 1726807 ps  Iteration: 0  Process: /ctpreadout_tb/p_file_read  File: D:/sphenix/MVTX_dec/MVTX_dec.srcs/sim_1/imports/new/mvtx_decoder_tb.vhd
Note: endfile
Time: 1730973 ps  Iteration: 0  Process: /ctpreadout_tb/p_file_read  File: D:/sphenix/MVTX_dec/MVTX_dec.srcs/sim_1/imports/new/mvtx_decoder_tb.vhd
Note: endfile
Time: 1735139 ps  Iteration: 0  Process: /ctpreadout_tb/p_file_read  File: D:/sphenix/MVTX_dec/MVTX_dec.srcs/sim_1/imports/new/mvtx_decoder_tb.vhd
Note: endfile
Time: 1739305 ps  Iteration: 0  Process: /ctpreadout_tb/p_file_read  File: D:/sphenix/MVTX_dec/MVTX_dec.srcs/sim_1/imports/new/mvtx_decoder_tb.vhd
Note: endfile
Time: 1743471 ps  Iteration: 0  Process: /ctpreadout_tb/p_file_read  File: D:/sphenix/MVTX_dec/MVTX_dec.srcs/sim_1/imports/new/mvtx_decoder_tb.vhd
Note: endfile
Time: 1747637 ps  Iteration: 0  Process: /ctpreadout_tb/p_file_read  File: D:/sphenix/MVTX_dec/MVTX_dec.srcs/sim_1/imports/new/mvtx_decoder_tb.vhd
Note: endfile
Time: 1751803 ps  Iteration: 0  Process: /ctpreadout_tb/p_file_read  File: D:/sphenix/MVTX_dec/MVTX_dec.srcs/sim_1/imports/new/mvtx_decoder_tb.vhd
Note: endfile
Time: 1755969 ps  Iteration: 0  Process: /ctpreadout_tb/p_file_read  File: D:/sphenix/MVTX_dec/MVTX_dec.srcs/sim_1/imports/new/mvtx_decoder_tb.vhd
Note: endfile
Time: 1760135 ps  Iteration: 0  Process: /ctpreadout_tb/p_file_read  File: D:/sphenix/MVTX_dec/MVTX_dec.srcs/sim_1/imports/new/mvtx_decoder_tb.vhd
Note: endfile
Time: 1764301 ps  Iteration: 0  Process: /ctpreadout_tb/p_file_read  File: D:/sphenix/MVTX_dec/MVTX_dec.srcs/sim_1/imports/new/mvtx_decoder_tb.vhd
Note: endfile
Time: 1768467 ps  Iteration: 0  Process: /ctpreadout_tb/p_file_read  File: D:/sphenix/MVTX_dec/MVTX_dec.srcs/sim_1/imports/new/mvtx_decoder_tb.vhd
Note: endfile
Time: 1772633 ps  Iteration: 0  Process: /ctpreadout_tb/p_file_read  File: D:/sphenix/MVTX_dec/MVTX_dec.srcs/sim_1/imports/new/mvtx_decoder_tb.vhd
Note: endfile
Time: 1776799 ps  Iteration: 0  Process: /ctpreadout_tb/p_file_read  File: D:/sphenix/MVTX_dec/MVTX_dec.srcs/sim_1/imports/new/mvtx_decoder_tb.vhd
Note: endfile
Time: 1780965 ps  Iteration: 0  Process: /ctpreadout_tb/p_file_read  File: D:/sphenix/MVTX_dec/MVTX_dec.srcs/sim_1/imports/new/mvtx_decoder_tb.vhd
Note: endfile
Time: 1785131 ps  Iteration: 0  Process: /ctpreadout_tb/p_file_read  File: D:/sphenix/MVTX_dec/MVTX_dec.srcs/sim_1/imports/new/mvtx_decoder_tb.vhd
Note: endfile
Time: 1789297 ps  Iteration: 0  Process: /ctpreadout_tb/p_file_read  File: D:/sphenix/MVTX_dec/MVTX_dec.srcs/sim_1/imports/new/mvtx_decoder_tb.vhd
Note: endfile
Time: 1793463 ps  Iteration: 0  Process: /ctpreadout_tb/p_file_read  File: D:/sphenix/MVTX_dec/MVTX_dec.srcs/sim_1/imports/new/mvtx_decoder_tb.vhd
Note: endfile
Time: 1797629 ps  Iteration: 0  Process: /ctpreadout_tb/p_file_read  File: D:/sphenix/MVTX_dec/MVTX_dec.srcs/sim_1/imports/new/mvtx_decoder_tb.vhd
Note: endfile
Time: 1801795 ps  Iteration: 0  Process: /ctpreadout_tb/p_file_read  File: D:/sphenix/MVTX_dec/MVTX_dec.srcs/sim_1/imports/new/mvtx_decoder_tb.vhd
Note: endfile
Time: 1805961 ps  Iteration: 0  Process: /ctpreadout_tb/p_file_read  File: D:/sphenix/MVTX_dec/MVTX_dec.srcs/sim_1/imports/new/mvtx_decoder_tb.vhd
Note: endfile
Time: 1810127 ps  Iteration: 0  Process: /ctpreadout_tb/p_file_read  File: D:/sphenix/MVTX_dec/MVTX_dec.srcs/sim_1/imports/new/mvtx_decoder_tb.vhd
Note: endfile
Time: 1814293 ps  Iteration: 0  Process: /ctpreadout_tb/p_file_read  File: D:/sphenix/MVTX_dec/MVTX_dec.srcs/sim_1/imports/new/mvtx_decoder_tb.vhd
Note: endfile
Time: 1818459 ps  Iteration: 0  Process: /ctpreadout_tb/p_file_read  File: D:/sphenix/MVTX_dec/MVTX_dec.srcs/sim_1/imports/new/mvtx_decoder_tb.vhd
Note: endfile
Time: 1822625 ps  Iteration: 0  Process: /ctpreadout_tb/p_file_read  File: D:/sphenix/MVTX_dec/MVTX_dec.srcs/sim_1/imports/new/mvtx_decoder_tb.vhd
Note: endfile
Time: 1826791 ps  Iteration: 0  Process: /ctpreadout_tb/p_file_read  File: D:/sphenix/MVTX_dec/MVTX_dec.srcs/sim_1/imports/new/mvtx_decoder_tb.vhd
Note: endfile
Time: 1830957 ps  Iteration: 0  Process: /ctpreadout_tb/p_file_read  File: D:/sphenix/MVTX_dec/MVTX_dec.srcs/sim_1/imports/new/mvtx_decoder_tb.vhd
Note: endfile
Time: 1835123 ps  Iteration: 0  Process: /ctpreadout_tb/p_file_read  File: D:/sphenix/MVTX_dec/MVTX_dec.srcs/sim_1/imports/new/mvtx_decoder_tb.vhd
Note: endfile
Time: 1839289 ps  Iteration: 0  Process: /ctpreadout_tb/p_file_read  File: D:/sphenix/MVTX_dec/MVTX_dec.srcs/sim_1/imports/new/mvtx_decoder_tb.vhd
Note: endfile
Time: 1843455 ps  Iteration: 0  Process: /ctpreadout_tb/p_file_read  File: D:/sphenix/MVTX_dec/MVTX_dec.srcs/sim_1/imports/new/mvtx_decoder_tb.vhd
Note: endfile
Time: 1847621 ps  Iteration: 0  Process: /ctpreadout_tb/p_file_read  File: D:/sphenix/MVTX_dec/MVTX_dec.srcs/sim_1/imports/new/mvtx_decoder_tb.vhd
Note: endfile
Time: 1851787 ps  Iteration: 0  Process: /ctpreadout_tb/p_file_read  File: D:/sphenix/MVTX_dec/MVTX_dec.srcs/sim_1/imports/new/mvtx_decoder_tb.vhd
Note: endfile
Time: 1855953 ps  Iteration: 0  Process: /ctpreadout_tb/p_file_read  File: D:/sphenix/MVTX_dec/MVTX_dec.srcs/sim_1/imports/new/mvtx_decoder_tb.vhd
Note: endfile
Time: 1860119 ps  Iteration: 0  Process: /ctpreadout_tb/p_file_read  File: D:/sphenix/MVTX_dec/MVTX_dec.srcs/sim_1/imports/new/mvtx_decoder_tb.vhd
Note: endfile
Time: 1864285 ps  Iteration: 0  Process: /ctpreadout_tb/p_file_read  File: D:/sphenix/MVTX_dec/MVTX_dec.srcs/sim_1/imports/new/mvtx_decoder_tb.vhd
Note: endfile
Time: 1868451 ps  Iteration: 0  Process: /ctpreadout_tb/p_file_read  File: D:/sphenix/MVTX_dec/MVTX_dec.srcs/sim_1/imports/new/mvtx_decoder_tb.vhd
Note: endfile
Time: 1872617 ps  Iteration: 0  Process: /ctpreadout_tb/p_file_read  File: D:/sphenix/MVTX_dec/MVTX_dec.srcs/sim_1/imports/new/mvtx_decoder_tb.vhd
Note: endfile
Time: 1876783 ps  Iteration: 0  Process: /ctpreadout_tb/p_file_read  File: D:/sphenix/MVTX_dec/MVTX_dec.srcs/sim_1/imports/new/mvtx_decoder_tb.vhd
Note: endfile
Time: 1880949 ps  Iteration: 0  Process: /ctpreadout_tb/p_file_read  File: D:/sphenix/MVTX_dec/MVTX_dec.srcs/sim_1/imports/new/mvtx_decoder_tb.vhd
Note: endfile
Time: 1885115 ps  Iteration: 0  Process: /ctpreadout_tb/p_file_read  File: D:/sphenix/MVTX_dec/MVTX_dec.srcs/sim_1/imports/new/mvtx_decoder_tb.vhd
Note: endfile
Time: 1889281 ps  Iteration: 0  Process: /ctpreadout_tb/p_file_read  File: D:/sphenix/MVTX_dec/MVTX_dec.srcs/sim_1/imports/new/mvtx_decoder_tb.vhd
Note: endfile
Time: 1893447 ps  Iteration: 0  Process: /ctpreadout_tb/p_file_read  File: D:/sphenix/MVTX_dec/MVTX_dec.srcs/sim_1/imports/new/mvtx_decoder_tb.vhd
Note: endfile
Time: 1897613 ps  Iteration: 0  Process: /ctpreadout_tb/p_file_read  File: D:/sphenix/MVTX_dec/MVTX_dec.srcs/sim_1/imports/new/mvtx_decoder_tb.vhd
Note: endfile
Time: 1901779 ps  Iteration: 0  Process: /ctpreadout_tb/p_file_read  File: D:/sphenix/MVTX_dec/MVTX_dec.srcs/sim_1/imports/new/mvtx_decoder_tb.vhd
Note: endfile
Time: 1905945 ps  Iteration: 0  Process: /ctpreadout_tb/p_file_read  File: D:/sphenix/MVTX_dec/MVTX_dec.srcs/sim_1/imports/new/mvtx_decoder_tb.vhd
Note: endfile
Time: 1910111 ps  Iteration: 0  Process: /ctpreadout_tb/p_file_read  File: D:/sphenix/MVTX_dec/MVTX_dec.srcs/sim_1/imports/new/mvtx_decoder_tb.vhd
Note: endfile
Time: 1914277 ps  Iteration: 0  Process: /ctpreadout_tb/p_file_read  File: D:/sphenix/MVTX_dec/MVTX_dec.srcs/sim_1/imports/new/mvtx_decoder_tb.vhd
Note: endfile
Time: 1918443 ps  Iteration: 0  Process: /ctpreadout_tb/p_file_read  File: D:/sphenix/MVTX_dec/MVTX_dec.srcs/sim_1/imports/new/mvtx_decoder_tb.vhd
Note: endfile
Time: 1922609 ps  Iteration: 0  Process: /ctpreadout_tb/p_file_read  File: D:/sphenix/MVTX_dec/MVTX_dec.srcs/sim_1/imports/new/mvtx_decoder_tb.vhd
Note: endfile
Time: 1926775 ps  Iteration: 0  Process: /ctpreadout_tb/p_file_read  File: D:/sphenix/MVTX_dec/MVTX_dec.srcs/sim_1/imports/new/mvtx_decoder_tb.vhd
Note: endfile
Time: 1930941 ps  Iteration: 0  Process: /ctpreadout_tb/p_file_read  File: D:/sphenix/MVTX_dec/MVTX_dec.srcs/sim_1/imports/new/mvtx_decoder_tb.vhd
Note: endfile
Time: 1935107 ps  Iteration: 0  Process: /ctpreadout_tb/p_file_read  File: D:/sphenix/MVTX_dec/MVTX_dec.srcs/sim_1/imports/new/mvtx_decoder_tb.vhd
Note: endfile
Time: 1939273 ps  Iteration: 0  Process: /ctpreadout_tb/p_file_read  File: D:/sphenix/MVTX_dec/MVTX_dec.srcs/sim_1/imports/new/mvtx_decoder_tb.vhd
Note: endfile
Time: 1943439 ps  Iteration: 0  Process: /ctpreadout_tb/p_file_read  File: D:/sphenix/MVTX_dec/MVTX_dec.srcs/sim_1/imports/new/mvtx_decoder_tb.vhd
Note: endfile
Time: 1947605 ps  Iteration: 0  Process: /ctpreadout_tb/p_file_read  File: D:/sphenix/MVTX_dec/MVTX_dec.srcs/sim_1/imports/new/mvtx_decoder_tb.vhd
Note: endfile
Time: 1951771 ps  Iteration: 0  Process: /ctpreadout_tb/p_file_read  File: D:/sphenix/MVTX_dec/MVTX_dec.srcs/sim_1/imports/new/mvtx_decoder_tb.vhd
Note: endfile
Time: 1955937 ps  Iteration: 0  Process: /ctpreadout_tb/p_file_read  File: D:/sphenix/MVTX_dec/MVTX_dec.srcs/sim_1/imports/new/mvtx_decoder_tb.vhd
Note: endfile
Time: 1960103 ps  Iteration: 0  Process: /ctpreadout_tb/p_file_read  File: D:/sphenix/MVTX_dec/MVTX_dec.srcs/sim_1/imports/new/mvtx_decoder_tb.vhd
Note: endfile
Time: 1964269 ps  Iteration: 0  Process: /ctpreadout_tb/p_file_read  File: D:/sphenix/MVTX_dec/MVTX_dec.srcs/sim_1/imports/new/mvtx_decoder_tb.vhd
Note: endfile
Time: 1968435 ps  Iteration: 0  Process: /ctpreadout_tb/p_file_read  File: D:/sphenix/MVTX_dec/MVTX_dec.srcs/sim_1/imports/new/mvtx_decoder_tb.vhd
Note: endfile
Time: 1972601 ps  Iteration: 0  Process: /ctpreadout_tb/p_file_read  File: D:/sphenix/MVTX_dec/MVTX_dec.srcs/sim_1/imports/new/mvtx_decoder_tb.vhd
Note: endfile
Time: 1976767 ps  Iteration: 0  Process: /ctpreadout_tb/p_file_read  File: D:/sphenix/MVTX_dec/MVTX_dec.srcs/sim_1/imports/new/mvtx_decoder_tb.vhd
Note: endfile
Time: 1980933 ps  Iteration: 0  Process: /ctpreadout_tb/p_file_read  File: D:/sphenix/MVTX_dec/MVTX_dec.srcs/sim_1/imports/new/mvtx_decoder_tb.vhd
Note: endfile
Time: 1985099 ps  Iteration: 0  Process: /ctpreadout_tb/p_file_read  File: D:/sphenix/MVTX_dec/MVTX_dec.srcs/sim_1/imports/new/mvtx_decoder_tb.vhd
Note: endfile
Time: 1989265 ps  Iteration: 0  Process: /ctpreadout_tb/p_file_read  File: D:/sphenix/MVTX_dec/MVTX_dec.srcs/sim_1/imports/new/mvtx_decoder_tb.vhd
Note: endfile
Time: 1993431 ps  Iteration: 0  Process: /ctpreadout_tb/p_file_read  File: D:/sphenix/MVTX_dec